<?xml version="1.0" encoding="UTF-8"?>
<!-- Generated by org.testng.reporters.JUnitReportReporter -->
<testsuite skipped="0" hostname="LIM-WS00169" name="pe.com.web.petcenter.LogInTests" tests="1" failures="0" timestamp="24 Nov 2017 17:33:42 GMT" time="23.281" errors="0">
  <testcase name="VerifyClickingLoginLink" time="23.281" classname="pe.com.web.petcenter.LogInTests"/>
</testsuite> <!-- pe.com.web.petcenter.LogInTests -->
