<?xml version="1.0" encoding="UTF-8"?>
<!-- Generated by org.testng.reporters.JUnitReportReporter -->
<testsuite skipped="0" hostname="LIM-WS00169" name="pe.com.web.petcenter.LogInTests" tests="1" failures="0" timestamp="29 Nov 2017 15:36:03 GMT" time="21.465" errors="0">
  <testcase name="VerifyClickingLoginLink" time="21.465" classname="pe.com.web.petcenter.LogInTests"/>
</testsuite> <!-- pe.com.web.petcenter.LogInTests -->
